2017-07-2711:48:39.324 INFO  com.cn.daniel.Application Line:48  - Starting Application on TESTRIT-QTM3EI2 with PID 4576 (D:\DanielGit\springboot-freemarker\target\classes started by Administrator in D:\DanielGit\springboot-freemarker)
2017-07-2711:48:39.328 INFO  com.cn.daniel.Application Line:637 - No active profile set, falling back to default profiles: default
2017-07-2711:48:39.447 INFO  org.springframework.boot.context.embedded.AnnotationConfigEmbeddedWebApplicationContext Line:582 - Refreshing org.springframework.boot.context.embedded.AnnotationConfigEmbeddedWebApplicationContext@1807e3f6: startup date [Thu Jul 27 11:48:39 CST 2017]; root of context hierarchy
2017-07-2711:48:40.118 INFO  org.hibernate.validator.internal.util.Version Line:30  - HV000001: Hibernate Validator 5.3.4.Final
2017-07-2711:48:42.345 INFO  org.springframework.context.support.PostProcessorRegistrationDelegate$BeanPostProcessorChecker Line:325 - Bean 'org.springframework.boot.autoconfigure.validation.ValidationAutoConfiguration' of type [class org.springframework.boot.autoconfigure.validation.ValidationAutoConfiguration] is not eligible for getting processed by all BeanPostProcessors (for example: not eligible for auto-proxying)
2017-07-2711:48:42.456 INFO  org.springframework.context.support.PostProcessorRegistrationDelegate$BeanPostProcessorChecker Line:325 - Bean 'validator' of type [class org.springframework.validation.beanvalidation.LocalValidatorFactoryBean] is not eligible for getting processed by all BeanPostProcessors (for example: not eligible for auto-proxying)
2017-07-2711:48:42.566 INFO  org.springframework.context.support.PostProcessorRegistrationDelegate$BeanPostProcessorChecker Line:325 - Bean 'org.springframework.boot.autoconfigure.jdbc.DataSourceConfiguration$Tomcat' of type [class org.springframework.boot.autoconfigure.jdbc.DataSourceConfiguration$Tomcat] is not eligible for getting processed by all BeanPostProcessors (for example: not eligible for auto-proxying)
2017-07-2711:48:42.662 INFO  org.springframework.context.support.PostProcessorRegistrationDelegate$BeanPostProcessorChecker Line:325 - Bean 'spring.datasource-org.springframework.boot.autoconfigure.jdbc.DataSourceProperties' of type [class org.springframework.boot.autoconfigure.jdbc.DataSourceProperties] is not eligible for getting processed by all BeanPostProcessors (for example: not eligible for auto-proxying)
2017-07-2711:48:43.719 INFO  org.springframework.context.support.PostProcessorRegistrationDelegate$BeanPostProcessorChecker Line:325 - Bean 'dataSource' of type [class org.apache.tomcat.jdbc.pool.DataSource] is not eligible for getting processed by all BeanPostProcessors (for example: not eligible for auto-proxying)
2017-07-2711:48:43.729 INFO  org.springframework.context.support.PostProcessorRegistrationDelegate$BeanPostProcessorChecker Line:325 - Bean 'org.springframework.boot.autoconfigure.jdbc.DataSourceAutoConfiguration' of type [class org.springframework.boot.autoconfigure.jdbc.DataSourceAutoConfiguration$$EnhancerBySpringCGLIB$$df5eb783] is not eligible for getting processed by all BeanPostProcessors (for example: not eligible for auto-proxying)
2017-07-2711:48:43.764 INFO  org.springframework.context.support.PostProcessorRegistrationDelegate$BeanPostProcessorChecker Line:325 - Bean 'dataSourceInitializer' of type [class org.springframework.boot.autoconfigure.jdbc.DataSourceInitializer] is not eligible for getting processed by all BeanPostProcessors (for example: not eligible for auto-proxying)
2017-07-2711:48:43.766 INFO  org.springframework.context.support.PostProcessorRegistrationDelegate$BeanPostProcessorChecker Line:325 - Bean 'mybatisConfig' of type [class com.cn.daniel.system.config.mybatis.MybatisConfig$$EnhancerBySpringCGLIB$$bdd5889c] is not eligible for getting processed by all BeanPostProcessors (for example: not eligible for auto-proxying)
2017-07-2711:48:43.815 INFO  org.springframework.context.support.PostProcessorRegistrationDelegate$BeanPostProcessorChecker Line:325 - Bean 'transactionManager' of type [class org.springframework.jdbc.datasource.DataSourceTransactionManager] is not eligible for getting processed by all BeanPostProcessors (for example: not eligible for auto-proxying)
2017-07-2711:48:43.818 INFO  org.springframework.context.support.PostProcessorRegistrationDelegate$BeanPostProcessorChecker Line:325 - Bean 'org.springframework.transaction.annotation.ProxyTransactionManagementConfiguration' of type [class org.springframework.transaction.annotation.ProxyTransactionManagementConfiguration$$EnhancerBySpringCGLIB$$fd6b1423] is not eligible for getting processed by all BeanPostProcessors (for example: not eligible for auto-proxying)
2017-07-2711:48:44.748 INFO  org.springframework.boot.context.embedded.tomcat.TomcatEmbeddedServletContainer Line:89  - Tomcat initialized with port(s): 8080 (http)
2017-07-2711:48:44.768 INFO  org.apache.catalina.core.StandardService Line:179 - Starting service Tomcat
2017-07-2711:48:44.770 INFO  org.apache.catalina.core.StandardEngine Line:179 - Starting Servlet Engine: Apache Tomcat/8.5.11
2017-07-2711:48:44.916 INFO  org.apache.catalina.core.ContainerBase.[Tomcat].[localhost].[/] Line:179 - Initializing Spring embedded WebApplicationContext
2017-07-2711:48:44.917 INFO  org.springframework.web.context.ContextLoader Line:276 - Root WebApplicationContext: initialization completed in 5470 ms
2017-07-2711:48:45.229 INFO  org.springframework.boot.web.servlet.FilterRegistrationBean Line:258 - Mapping filter: 'characterEncodingFilter' to: [/*]
2017-07-2711:48:45.230 INFO  org.springframework.boot.web.servlet.FilterRegistrationBean Line:258 - Mapping filter: 'hiddenHttpMethodFilter' to: [/*]
2017-07-2711:48:45.230 INFO  org.springframework.boot.web.servlet.FilterRegistrationBean Line:258 - Mapping filter: 'httpPutFormContentFilter' to: [/*]
2017-07-2711:48:45.233 INFO  org.springframework.boot.web.servlet.FilterRegistrationBean Line:258 - Mapping filter: 'requestContextFilter' to: [/*]
2017-07-2711:48:45.235 INFO  org.springframework.boot.web.servlet.DelegatingFilterProxyRegistrationBean Line:258 - Mapping filter: 'springSecurityFilterChain' to: [/*]
2017-07-2711:48:45.236 INFO  org.springframework.boot.web.servlet.ServletRegistrationBean Line:190 - Mapping servlet: 'dispatcherServlet' to [/]
2017-07-2711:48:46.819 INFO  org.springframework.security.web.DefaultSecurityFilterChain Line:43  - Creating filter chain: org.springframework.security.web.util.matcher.AnyRequestMatcher@1, [org.springframework.security.web.context.request.async.WebAsyncManagerIntegrationFilter@7698b7a4, org.springframework.security.web.context.SecurityContextPersistenceFilter@65ef48f2, org.springframework.security.web.header.HeaderWriterFilter@e700eba, org.springframework.security.web.authentication.logout.LogoutFilter@15fb4566, org.springframework.security.web.authentication.UsernamePasswordAuthenticationFilter@21ae657b, org.springframework.security.web.savedrequest.RequestCacheAwareFilter@72543547, org.springframework.security.web.servletapi.SecurityContextHolderAwareRequestFilter@6babffb5, org.springframework.security.web.authentication.AnonymousAuthenticationFilter@7a9ceddf, org.springframework.security.web.session.SessionManagementFilter@7186b202, org.springframework.security.web.access.ExceptionTranslationFilter@5b202ff, org.springframework.security.web.access.intercept.FilterSecurityInterceptor@12f279b5]
2017-07-2711:48:47.109 INFO  org.springframework.web.servlet.mvc.method.annotation.RequestMappingHandlerAdapter Line:534 - Looking for @ControllerAdvice: org.springframework.boot.context.embedded.AnnotationConfigEmbeddedWebApplicationContext@1807e3f6: startup date [Thu Jul 27 11:48:39 CST 2017]; root of context hierarchy
2017-07-2711:48:47.387 INFO  org.springframework.web.servlet.mvc.method.annotation.RequestMappingHandlerMapping Line:543 - Mapped "{[/pm/employees],methods=[GET]}" onto public com.github.pagehelper.PageInfo<com.cn.daniel.pm.domain.EmployeeInfo> com.cn.daniel.pm.controller.employeeController.employees(org.springframework.ui.Model,com.cn.daniel.core.domain.Page,com.cn.daniel.pm.domain.EmployeeInfo)
2017-07-2711:48:47.389 INFO  org.springframework.web.servlet.mvc.method.annotation.RequestMappingHandlerMapping Line:543 - Mapped "{[/pm/employee],methods=[GET]}" onto public java.lang.String com.cn.daniel.pm.controller.employeeController.employee(org.springframework.ui.Model,java.lang.String,java.lang.String)
2017-07-2711:48:47.389 INFO  org.springframework.web.servlet.mvc.method.annotation.RequestMappingHandlerMapping Line:543 - Mapped "{[/pm/delEmployee],methods=[POST]}" onto public java.lang.String com.cn.daniel.pm.controller.employeeController.delEmployee(org.springframework.ui.Model,java.lang.String,java.lang.String)
2017-07-2711:48:47.390 INFO  org.springframework.web.servlet.mvc.method.annotation.RequestMappingHandlerMapping Line:543 - Mapped "{[/login],methods=[GET]}" onto public java.lang.String com.cn.daniel.system.controller.LoginController.login(org.springframework.ui.Model,java.lang.String,java.lang.String)
2017-07-2711:48:47.391 INFO  org.springframework.web.servlet.mvc.method.annotation.RequestMappingHandlerMapping Line:543 - Mapped "{[/],methods=[GET]}" onto public java.lang.String com.cn.daniel.system.controller.MainPageController.mainPage(org.springframework.ui.Model)
2017-07-2711:48:47.404 INFO  org.springframework.web.servlet.mvc.method.annotation.RequestMappingHandlerMapping Line:543 - Mapped "{[/error]}" onto public org.springframework.http.ResponseEntity<java.util.Map<java.lang.String, java.lang.Object>> org.springframework.boot.autoconfigure.web.BasicErrorController.error(javax.servlet.http.HttpServletRequest)
2017-07-2711:48:47.404 INFO  org.springframework.web.servlet.mvc.method.annotation.RequestMappingHandlerMapping Line:543 - Mapped "{[/error],produces=[text/html]}" onto public org.springframework.web.servlet.ModelAndView org.springframework.boot.autoconfigure.web.BasicErrorController.errorHtml(javax.servlet.http.HttpServletRequest,javax.servlet.http.HttpServletResponse)
2017-07-2711:48:47.435 INFO  org.springframework.web.servlet.handler.SimpleUrlHandlerMapping Line:354 - Mapped URL path [/pm/employeesPage] onto handler of type [class org.springframework.web.servlet.mvc.ParameterizableViewController]
2017-07-2711:48:47.534 INFO  org.springframework.web.servlet.handler.SimpleUrlHandlerMapping Line:354 - Mapped URL path [/webjars/**] onto handler of type [class org.springframework.web.servlet.resource.ResourceHttpRequestHandler]
2017-07-2711:48:47.535 INFO  org.springframework.web.servlet.handler.SimpleUrlHandlerMapping Line:354 - Mapped URL path [/**] onto handler of type [class org.springframework.web.servlet.resource.ResourceHttpRequestHandler]
2017-07-2711:48:47.703 INFO  org.springframework.web.servlet.handler.SimpleUrlHandlerMapping Line:354 - Mapped URL path [/**/favicon.ico] onto handler of type [class org.springframework.web.servlet.resource.ResourceHttpRequestHandler]
2017-07-2711:48:48.312 INFO  org.springframework.web.servlet.view.freemarker.FreeMarkerConfigurer Line:127 - ClassTemplateLoader for Spring macros added to FreeMarker configuration
2017-07-2711:48:48.843 INFO  org.springframework.jmx.export.annotation.AnnotationMBeanExporter Line:431 - Registering beans for JMX exposure on startup
2017-07-2711:48:48.891 INFO  org.apache.coyote.http11.Http11NioProtocol Line:179 - Initializing ProtocolHandler ["http-nio-8080"]
2017-07-2711:48:48.941 INFO  org.apache.coyote.http11.Http11NioProtocol Line:179 - Starting ProtocolHandler [http-nio-8080]
2017-07-2711:48:49.024 INFO  org.apache.tomcat.util.net.NioSelectorPool Line:179 - Using a shared selector for servlet write/read
2017-07-2711:48:49.063 INFO  org.springframework.boot.context.embedded.tomcat.TomcatEmbeddedServletContainer Line:192 - Tomcat started on port(s): 8080 (http)
2017-07-2711:48:49.075 INFO  com.cn.daniel.Application Line:57  - Started Application in 10.411 seconds (JVM running for 11.36)
2017-07-2711:49:45.732 INFO  org.apache.catalina.core.ContainerBase.[Tomcat].[localhost].[/] Line:179 - Initializing Spring FrameworkServlet 'dispatcherServlet'
2017-07-2711:49:45.732 INFO  org.springframework.web.servlet.DispatcherServlet Line:489 - FrameworkServlet 'dispatcherServlet': initialization started
2017-07-2711:49:45.781 INFO  org.springframework.web.servlet.DispatcherServlet Line:508 - FrameworkServlet 'dispatcherServlet': initialization completed in 49 ms
2017-07-2711:59:27.760 INFO  com.cn.daniel.Application Line:48  - Starting Application on TESTRIT-QTM3EI2 with PID 5376 (D:\DanielGit\springboot-freemarker\target\classes started by Administrator in D:\DanielGit\springboot-freemarker)
2017-07-2711:59:27.763 INFO  com.cn.daniel.Application Line:637 - No active profile set, falling back to default profiles: default
2017-07-2711:59:27.880 INFO  org.springframework.boot.context.embedded.AnnotationConfigEmbeddedWebApplicationContext Line:582 - Refreshing org.springframework.boot.context.embedded.AnnotationConfigEmbeddedWebApplicationContext@1807e3f6: startup date [Thu Jul 27 11:59:27 CST 2017]; root of context hierarchy
2017-07-2711:59:28.340 INFO  org.hibernate.validator.internal.util.Version Line:30  - HV000001: Hibernate Validator 5.3.4.Final
2017-07-2711:59:30.150 INFO  org.springframework.context.support.PostProcessorRegistrationDelegate$BeanPostProcessorChecker Line:325 - Bean 'org.springframework.boot.autoconfigure.validation.ValidationAutoConfiguration' of type [class org.springframework.boot.autoconfigure.validation.ValidationAutoConfiguration] is not eligible for getting processed by all BeanPostProcessors (for example: not eligible for auto-proxying)
2017-07-2711:59:30.288 INFO  org.springframework.context.support.PostProcessorRegistrationDelegate$BeanPostProcessorChecker Line:325 - Bean 'validator' of type [class org.springframework.validation.beanvalidation.LocalValidatorFactoryBean] is not eligible for getting processed by all BeanPostProcessors (for example: not eligible for auto-proxying)
2017-07-2711:59:30.384 INFO  org.springframework.context.support.PostProcessorRegistrationDelegate$BeanPostProcessorChecker Line:325 - Bean 'org.springframework.boot.autoconfigure.jdbc.DataSourceConfiguration$Tomcat' of type [class org.springframework.boot.autoconfigure.jdbc.DataSourceConfiguration$Tomcat] is not eligible for getting processed by all BeanPostProcessors (for example: not eligible for auto-proxying)
2017-07-2711:59:30.518 INFO  org.springframework.context.support.PostProcessorRegistrationDelegate$BeanPostProcessorChecker Line:325 - Bean 'spring.datasource-org.springframework.boot.autoconfigure.jdbc.DataSourceProperties' of type [class org.springframework.boot.autoconfigure.jdbc.DataSourceProperties] is not eligible for getting processed by all BeanPostProcessors (for example: not eligible for auto-proxying)
2017-07-2711:59:30.832 INFO  org.springframework.context.support.PostProcessorRegistrationDelegate$BeanPostProcessorChecker Line:325 - Bean 'dataSource' of type [class org.apache.tomcat.jdbc.pool.DataSource] is not eligible for getting processed by all BeanPostProcessors (for example: not eligible for auto-proxying)
2017-07-2711:59:30.852 INFO  org.springframework.context.support.PostProcessorRegistrationDelegate$BeanPostProcessorChecker Line:325 - Bean 'org.springframework.boot.autoconfigure.jdbc.DataSourceAutoConfiguration' of type [class org.springframework.boot.autoconfigure.jdbc.DataSourceAutoConfiguration$$EnhancerBySpringCGLIB$$d52ac003] is not eligible for getting processed by all BeanPostProcessors (for example: not eligible for auto-proxying)
2017-07-2711:59:30.909 INFO  org.springframework.context.support.PostProcessorRegistrationDelegate$BeanPostProcessorChecker Line:325 - Bean 'dataSourceInitializer' of type [class org.springframework.boot.autoconfigure.jdbc.DataSourceInitializer] is not eligible for getting processed by all BeanPostProcessors (for example: not eligible for auto-proxying)
2017-07-2711:59:30.911 INFO  org.springframework.context.support.PostProcessorRegistrationDelegate$BeanPostProcessorChecker Line:325 - Bean 'mybatisConfig' of type [class com.cn.daniel.system.config.mybatis.MybatisConfig$$EnhancerBySpringCGLIB$$b3a1911c] is not eligible for getting processed by all BeanPostProcessors (for example: not eligible for auto-proxying)
2017-07-2711:59:30.946 INFO  org.springframework.context.support.PostProcessorRegistrationDelegate$BeanPostProcessorChecker Line:325 - Bean 'transactionManager' of type [class org.springframework.jdbc.datasource.DataSourceTransactionManager] is not eligible for getting processed by all BeanPostProcessors (for example: not eligible for auto-proxying)
2017-07-2711:59:30.948 INFO  org.springframework.context.support.PostProcessorRegistrationDelegate$BeanPostProcessorChecker Line:325 - Bean 'org.springframework.transaction.annotation.ProxyTransactionManagementConfiguration' of type [class org.springframework.transaction.annotation.ProxyTransactionManagementConfiguration$$EnhancerBySpringCGLIB$$f3371ca3] is not eligible for getting processed by all BeanPostProcessors (for example: not eligible for auto-proxying)
2017-07-2711:59:31.756 INFO  org.springframework.boot.context.embedded.tomcat.TomcatEmbeddedServletContainer Line:89  - Tomcat initialized with port(s): 8080 (http)
2017-07-2711:59:31.776 INFO  org.apache.catalina.core.StandardService Line:179 - Starting service Tomcat
2017-07-2711:59:31.778 INFO  org.apache.catalina.core.StandardEngine Line:179 - Starting Servlet Engine: Apache Tomcat/8.5.11
2017-07-2711:59:31.990 INFO  org.apache.catalina.core.ContainerBase.[Tomcat].[localhost].[/] Line:179 - Initializing Spring embedded WebApplicationContext
2017-07-2711:59:31.991 INFO  org.springframework.web.context.ContextLoader Line:276 - Root WebApplicationContext: initialization completed in 4112 ms
2017-07-2711:59:32.413 INFO  org.springframework.boot.web.servlet.FilterRegistrationBean Line:258 - Mapping filter: 'characterEncodingFilter' to: [/*]
2017-07-2711:59:32.415 INFO  org.springframework.boot.web.servlet.FilterRegistrationBean Line:258 - Mapping filter: 'hiddenHttpMethodFilter' to: [/*]
2017-07-2711:59:32.415 INFO  org.springframework.boot.web.servlet.FilterRegistrationBean Line:258 - Mapping filter: 'httpPutFormContentFilter' to: [/*]
2017-07-2711:59:32.416 INFO  org.springframework.boot.web.servlet.FilterRegistrationBean Line:258 - Mapping filter: 'requestContextFilter' to: [/*]
2017-07-2711:59:32.418 INFO  org.springframework.boot.web.servlet.DelegatingFilterProxyRegistrationBean Line:258 - Mapping filter: 'springSecurityFilterChain' to: [/*]
2017-07-2711:59:32.418 INFO  org.springframework.boot.web.servlet.ServletRegistrationBean Line:190 - Mapping servlet: 'dispatcherServlet' to [/]
2017-07-2711:59:34.081 INFO  org.springframework.security.web.DefaultSecurityFilterChain Line:43  - Creating filter chain: org.springframework.security.web.util.matcher.AnyRequestMatcher@1, [org.springframework.security.web.context.request.async.WebAsyncManagerIntegrationFilter@7a682d35, org.springframework.security.web.context.SecurityContextPersistenceFilter@39dec536, org.springframework.security.web.header.HeaderWriterFilter@e29f4f6, org.springframework.security.web.authentication.logout.LogoutFilter@6fa2448b, org.springframework.security.web.authentication.UsernamePasswordAuthenticationFilter@2287395, org.springframework.security.web.savedrequest.RequestCacheAwareFilter@4cb957b8, org.springframework.security.web.servletapi.SecurityContextHolderAwareRequestFilter@773014d3, org.springframework.security.web.authentication.AnonymousAuthenticationFilter@ee8e7ff, org.springframework.security.web.session.SessionManagementFilter@1a538ed8, org.springframework.security.web.access.ExceptionTranslationFilter@25ffd826, org.springframework.security.web.access.intercept.FilterSecurityInterceptor@24043ec5]
2017-07-2711:59:34.384 INFO  org.springframework.web.servlet.mvc.method.annotation.RequestMappingHandlerAdapter Line:534 - Looking for @ControllerAdvice: org.springframework.boot.context.embedded.AnnotationConfigEmbeddedWebApplicationContext@1807e3f6: startup date [Thu Jul 27 11:59:27 CST 2017]; root of context hierarchy
2017-07-2711:59:34.510 INFO  org.springframework.web.servlet.mvc.method.annotation.RequestMappingHandlerMapping Line:543 - Mapped "{[/pm/employees],methods=[GET]}" onto public com.github.pagehelper.PageInfo<com.cn.daniel.pm.domain.EmployeeInfo> com.cn.daniel.pm.controller.employeeController.employees(org.springframework.ui.Model,com.cn.daniel.core.domain.Page,com.cn.daniel.pm.domain.EmployeeInfo)
2017-07-2711:59:34.511 INFO  org.springframework.web.servlet.mvc.method.annotation.RequestMappingHandlerMapping Line:543 - Mapped "{[/pm/employee],methods=[GET]}" onto public java.lang.String com.cn.daniel.pm.controller.employeeController.employee(org.springframework.ui.Model,java.lang.String,java.lang.String)
2017-07-2711:59:34.512 INFO  org.springframework.web.servlet.mvc.method.annotation.RequestMappingHandlerMapping Line:543 - Mapped "{[/pm/delEmployee],methods=[POST]}" onto public java.lang.String com.cn.daniel.pm.controller.employeeController.delEmployee(org.springframework.ui.Model,java.lang.String,java.lang.String)
2017-07-2711:59:34.513 INFO  org.springframework.web.servlet.mvc.method.annotation.RequestMappingHandlerMapping Line:543 - Mapped "{[/login],methods=[GET]}" onto public java.lang.String com.cn.daniel.system.controller.LoginController.login(org.springframework.ui.Model,java.lang.String,java.lang.String)
2017-07-2711:59:34.514 INFO  org.springframework.web.servlet.mvc.method.annotation.RequestMappingHandlerMapping Line:543 - Mapped "{[/],methods=[GET]}" onto public java.lang.String com.cn.daniel.system.controller.MainPageController.mainPage(org.springframework.ui.Model)
2017-07-2711:59:34.521 INFO  org.springframework.web.servlet.mvc.method.annotation.RequestMappingHandlerMapping Line:543 - Mapped "{[/error]}" onto public org.springframework.http.ResponseEntity<java.util.Map<java.lang.String, java.lang.Object>> org.springframework.boot.autoconfigure.web.BasicErrorController.error(javax.servlet.http.HttpServletRequest)
2017-07-2711:59:34.522 INFO  org.springframework.web.servlet.mvc.method.annotation.RequestMappingHandlerMapping Line:543 - Mapped "{[/error],produces=[text/html]}" onto public org.springframework.web.servlet.ModelAndView org.springframework.boot.autoconfigure.web.BasicErrorController.errorHtml(javax.servlet.http.HttpServletRequest,javax.servlet.http.HttpServletResponse)
2017-07-2711:59:34.558 INFO  org.springframework.web.servlet.handler.SimpleUrlHandlerMapping Line:354 - Mapped URL path [/pm/employeesPage] onto handler of type [class org.springframework.web.servlet.mvc.ParameterizableViewController]
2017-07-2711:59:34.618 INFO  org.springframework.web.servlet.handler.SimpleUrlHandlerMapping Line:354 - Mapped URL path [/webjars/**] onto handler of type [class org.springframework.web.servlet.resource.ResourceHttpRequestHandler]
2017-07-2711:59:34.618 INFO  org.springframework.web.servlet.handler.SimpleUrlHandlerMapping Line:354 - Mapped URL path [/**] onto handler of type [class org.springframework.web.servlet.resource.ResourceHttpRequestHandler]
2017-07-2711:59:34.716 INFO  org.springframework.web.servlet.handler.SimpleUrlHandlerMapping Line:354 - Mapped URL path [/**/favicon.ico] onto handler of type [class org.springframework.web.servlet.resource.ResourceHttpRequestHandler]
2017-07-2711:59:35.351 INFO  org.springframework.web.servlet.view.freemarker.FreeMarkerConfigurer Line:127 - ClassTemplateLoader for Spring macros added to FreeMarker configuration
2017-07-2711:59:35.797 INFO  org.springframework.jmx.export.annotation.AnnotationMBeanExporter Line:431 - Registering beans for JMX exposure on startup
2017-07-2711:59:35.834 INFO  org.apache.coyote.http11.Http11NioProtocol Line:179 - Initializing ProtocolHandler ["http-nio-8080"]
2017-07-2711:59:35.858 INFO  org.apache.coyote.http11.Http11NioProtocol Line:179 - Starting ProtocolHandler [http-nio-8080]
2017-07-2711:59:35.876 INFO  org.apache.tomcat.util.net.NioSelectorPool Line:179 - Using a shared selector for servlet write/read
2017-07-2711:59:35.925 INFO  org.springframework.boot.context.embedded.tomcat.TomcatEmbeddedServletContainer Line:192 - Tomcat started on port(s): 8080 (http)
2017-07-2711:59:35.935 INFO  com.cn.daniel.Application Line:57  - Started Application in 8.732 seconds (JVM running for 9.428)
2017-07-2712:00:36.231 INFO  org.apache.catalina.core.ContainerBase.[Tomcat].[localhost].[/] Line:179 - Initializing Spring FrameworkServlet 'dispatcherServlet'
2017-07-2712:00:36.231 INFO  org.springframework.web.servlet.DispatcherServlet Line:489 - FrameworkServlet 'dispatcherServlet': initialization started
2017-07-2712:00:36.272 INFO  org.springframework.web.servlet.DispatcherServlet Line:508 - FrameworkServlet 'dispatcherServlet': initialization completed in 40 ms
2017-07-2715:58:53.491 INFO  com.cn.daniel.Application Line:48  - Starting Application on TESTRIT-QTM3EI2 with PID 10460 (D:\DanielGit\springboot-freemarker\target\classes started by Administrator in D:\DanielGit\springboot-freemarker)
2017-07-2715:58:53.493 INFO  com.cn.daniel.Application Line:637 - No active profile set, falling back to default profiles: default
2017-07-2715:58:53.584 INFO  org.springframework.boot.context.embedded.AnnotationConfigEmbeddedWebApplicationContext Line:582 - Refreshing org.springframework.boot.context.embedded.AnnotationConfigEmbeddedWebApplicationContext@1807e3f6: startup date [Thu Jul 27 15:58:53 CST 2017]; root of context hierarchy
2017-07-2715:58:54.135 INFO  org.hibernate.validator.internal.util.Version Line:30  - HV000001: Hibernate Validator 5.3.4.Final
2017-07-2715:58:55.416 INFO  org.springframework.context.support.PostProcessorRegistrationDelegate$BeanPostProcessorChecker Line:325 - Bean 'org.springframework.boot.autoconfigure.validation.ValidationAutoConfiguration' of type [class org.springframework.boot.autoconfigure.validation.ValidationAutoConfiguration] is not eligible for getting processed by all BeanPostProcessors (for example: not eligible for auto-proxying)
2017-07-2715:58:55.542 INFO  org.springframework.context.support.PostProcessorRegistrationDelegate$BeanPostProcessorChecker Line:325 - Bean 'validator' of type [class org.springframework.validation.beanvalidation.LocalValidatorFactoryBean] is not eligible for getting processed by all BeanPostProcessors (for example: not eligible for auto-proxying)
2017-07-2715:58:55.664 INFO  org.springframework.context.support.PostProcessorRegistrationDelegate$BeanPostProcessorChecker Line:325 - Bean 'org.springframework.boot.autoconfigure.jdbc.DataSourceConfiguration$Tomcat' of type [class org.springframework.boot.autoconfigure.jdbc.DataSourceConfiguration$Tomcat] is not eligible for getting processed by all BeanPostProcessors (for example: not eligible for auto-proxying)
2017-07-2715:58:55.751 INFO  org.springframework.context.support.PostProcessorRegistrationDelegate$BeanPostProcessorChecker Line:325 - Bean 'spring.datasource-org.springframework.boot.autoconfigure.jdbc.DataSourceProperties' of type [class org.springframework.boot.autoconfigure.jdbc.DataSourceProperties] is not eligible for getting processed by all BeanPostProcessors (for example: not eligible for auto-proxying)
2017-07-2715:58:56.091 INFO  org.springframework.context.support.PostProcessorRegistrationDelegate$BeanPostProcessorChecker Line:325 - Bean 'dataSource' of type [class org.apache.tomcat.jdbc.pool.DataSource] is not eligible for getting processed by all BeanPostProcessors (for example: not eligible for auto-proxying)
2017-07-2715:58:56.105 INFO  org.springframework.context.support.PostProcessorRegistrationDelegate$BeanPostProcessorChecker Line:325 - Bean 'org.springframework.boot.autoconfigure.jdbc.DataSourceAutoConfiguration' of type [class org.springframework.boot.autoconfigure.jdbc.DataSourceAutoConfiguration$$EnhancerBySpringCGLIB$$3ad5b1bf] is not eligible for getting processed by all BeanPostProcessors (for example: not eligible for auto-proxying)
2017-07-2715:58:56.146 INFO  org.springframework.context.support.PostProcessorRegistrationDelegate$BeanPostProcessorChecker Line:325 - Bean 'dataSourceInitializer' of type [class org.springframework.boot.autoconfigure.jdbc.DataSourceInitializer] is not eligible for getting processed by all BeanPostProcessors (for example: not eligible for auto-proxying)
2017-07-2715:58:56.149 INFO  org.springframework.context.support.PostProcessorRegistrationDelegate$BeanPostProcessorChecker Line:325 - Bean 'mybatisConfig' of type [class com.cn.daniel.system.config.mybatis.MybatisConfig$$EnhancerBySpringCGLIB$$194c82d8] is not eligible for getting processed by all BeanPostProcessors (for example: not eligible for auto-proxying)
2017-07-2715:58:56.181 INFO  org.springframework.context.support.PostProcessorRegistrationDelegate$BeanPostProcessorChecker Line:325 - Bean 'transactionManager' of type [class org.springframework.jdbc.datasource.DataSourceTransactionManager] is not eligible for getting processed by all BeanPostProcessors (for example: not eligible for auto-proxying)
2017-07-2715:58:56.184 INFO  org.springframework.context.support.PostProcessorRegistrationDelegate$BeanPostProcessorChecker Line:325 - Bean 'org.springframework.transaction.annotation.ProxyTransactionManagementConfiguration' of type [class org.springframework.transaction.annotation.ProxyTransactionManagementConfiguration$$EnhancerBySpringCGLIB$$58e20e5f] is not eligible for getting processed by all BeanPostProcessors (for example: not eligible for auto-proxying)
2017-07-2715:58:56.983 INFO  org.springframework.boot.context.embedded.tomcat.TomcatEmbeddedServletContainer Line:89  - Tomcat initialized with port(s): 8080 (http)
2017-07-2715:58:56.999 INFO  org.apache.catalina.core.StandardService Line:179 - Starting service Tomcat
2017-07-2715:58:57.001 INFO  org.apache.catalina.core.StandardEngine Line:179 - Starting Servlet Engine: Apache Tomcat/8.5.11
2017-07-2715:58:57.132 INFO  org.apache.catalina.core.ContainerBase.[Tomcat].[localhost].[/] Line:179 - Initializing Spring embedded WebApplicationContext
2017-07-2715:58:57.133 INFO  org.springframework.web.context.ContextLoader Line:276 - Root WebApplicationContext: initialization completed in 3550 ms
2017-07-2715:58:57.477 INFO  org.springframework.boot.web.servlet.FilterRegistrationBean Line:258 - Mapping filter: 'characterEncodingFilter' to: [/*]
2017-07-2715:58:57.478 INFO  org.springframework.boot.web.servlet.FilterRegistrationBean Line:258 - Mapping filter: 'hiddenHttpMethodFilter' to: [/*]
2017-07-2715:58:57.479 INFO  org.springframework.boot.web.servlet.FilterRegistrationBean Line:258 - Mapping filter: 'httpPutFormContentFilter' to: [/*]
2017-07-2715:58:57.479 INFO  org.springframework.boot.web.servlet.FilterRegistrationBean Line:258 - Mapping filter: 'requestContextFilter' to: [/*]
2017-07-2715:58:57.481 INFO  org.springframework.boot.web.servlet.DelegatingFilterProxyRegistrationBean Line:258 - Mapping filter: 'springSecurityFilterChain' to: [/*]
2017-07-2715:58:57.481 INFO  org.springframework.boot.web.servlet.ServletRegistrationBean Line:190 - Mapping servlet: 'dispatcherServlet' to [/]
2017-07-2715:58:58.685 INFO  org.springframework.security.web.DefaultSecurityFilterChain Line:43  - Creating filter chain: org.springframework.security.web.util.matcher.AnyRequestMatcher@1, [org.springframework.security.web.context.request.async.WebAsyncManagerIntegrationFilter@1ec22831, org.springframework.security.web.context.SecurityContextPersistenceFilter@a9c5b75, org.springframework.security.web.header.HeaderWriterFilter@2dbc408c, org.springframework.security.web.authentication.logout.LogoutFilter@294aba23, org.springframework.security.web.authentication.UsernamePasswordAuthenticationFilter@4087c7fc, org.springframework.security.web.savedrequest.RequestCacheAwareFilter@4dac121d, org.springframework.security.web.servletapi.SecurityContextHolderAwareRequestFilter@de81be1, org.springframework.security.web.authentication.AnonymousAuthenticationFilter@63f855b, org.springframework.security.web.session.SessionManagementFilter@78d71df1, org.springframework.security.web.access.ExceptionTranslationFilter@55f4887d, org.springframework.security.web.access.intercept.FilterSecurityInterceptor@72b6832e]
2017-07-2715:58:58.929 INFO  org.springframework.web.servlet.mvc.method.annotation.RequestMappingHandlerAdapter Line:534 - Looking for @ControllerAdvice: org.springframework.boot.context.embedded.AnnotationConfigEmbeddedWebApplicationContext@1807e3f6: startup date [Thu Jul 27 15:58:53 CST 2017]; root of context hierarchy
2017-07-2715:58:59.028 INFO  org.springframework.web.servlet.mvc.method.annotation.RequestMappingHandlerMapping Line:543 - Mapped "{[/pm/employees],methods=[GET]}" onto public com.github.pagehelper.PageInfo<com.cn.daniel.pm.domain.EmployeeInfo> com.cn.daniel.pm.controller.employeeController.employees(org.springframework.ui.Model,com.cn.daniel.core.domain.Page,com.cn.daniel.pm.domain.EmployeeInfo)
2017-07-2715:58:59.029 INFO  org.springframework.web.servlet.mvc.method.annotation.RequestMappingHandlerMapping Line:543 - Mapped "{[/pm/delEmployee],methods=[POST]}" onto public java.lang.String com.cn.daniel.pm.controller.employeeController.delEmployee(org.springframework.ui.Model,java.lang.String,java.lang.String)
2017-07-2715:58:59.029 INFO  org.springframework.web.servlet.mvc.method.annotation.RequestMappingHandlerMapping Line:543 - Mapped "{[/pm/employee],methods=[GET]}" onto public java.lang.String com.cn.daniel.pm.controller.employeeController.employee(org.springframework.ui.Model,java.lang.String,java.lang.String)
2017-07-2715:58:59.030 INFO  org.springframework.web.servlet.mvc.method.annotation.RequestMappingHandlerMapping Line:543 - Mapped "{[/login],methods=[GET]}" onto public java.lang.String com.cn.daniel.system.controller.LoginController.login(org.springframework.ui.Model,java.lang.String,java.lang.String)
2017-07-2715:58:59.031 INFO  org.springframework.web.servlet.mvc.method.annotation.RequestMappingHandlerMapping Line:543 - Mapped "{[/],methods=[GET]}" onto public java.lang.String com.cn.daniel.system.controller.MainPageController.mainPage(org.springframework.ui.Model)
2017-07-2715:58:59.036 INFO  org.springframework.web.servlet.mvc.method.annotation.RequestMappingHandlerMapping Line:543 - Mapped "{[/error]}" onto public org.springframework.http.ResponseEntity<java.util.Map<java.lang.String, java.lang.Object>> org.springframework.boot.autoconfigure.web.BasicErrorController.error(javax.servlet.http.HttpServletRequest)
2017-07-2715:58:59.036 INFO  org.springframework.web.servlet.mvc.method.annotation.RequestMappingHandlerMapping Line:543 - Mapped "{[/error],produces=[text/html]}" onto public org.springframework.web.servlet.ModelAndView org.springframework.boot.autoconfigure.web.BasicErrorController.errorHtml(javax.servlet.http.HttpServletRequest,javax.servlet.http.HttpServletResponse)
2017-07-2715:58:59.062 INFO  org.springframework.web.servlet.handler.SimpleUrlHandlerMapping Line:354 - Mapped URL path [/pm/employeesPage] onto handler of type [class org.springframework.web.servlet.mvc.ParameterizableViewController]
2017-07-2715:58:59.114 INFO  org.springframework.web.servlet.handler.SimpleUrlHandlerMapping Line:354 - Mapped URL path [/webjars/**] onto handler of type [class org.springframework.web.servlet.resource.ResourceHttpRequestHandler]
2017-07-2715:58:59.114 INFO  org.springframework.web.servlet.handler.SimpleUrlHandlerMapping Line:354 - Mapped URL path [/**] onto handler of type [class org.springframework.web.servlet.resource.ResourceHttpRequestHandler]
2017-07-2715:58:59.194 INFO  org.springframework.web.servlet.handler.SimpleUrlHandlerMapping Line:354 - Mapped URL path [/**/favicon.ico] onto handler of type [class org.springframework.web.servlet.resource.ResourceHttpRequestHandler]
2017-07-2715:58:59.643 INFO  org.springframework.web.servlet.view.freemarker.FreeMarkerConfigurer Line:127 - ClassTemplateLoader for Spring macros added to FreeMarker configuration
2017-07-2715:58:59.999 INFO  org.springframework.jmx.export.annotation.AnnotationMBeanExporter Line:431 - Registering beans for JMX exposure on startup
2017-07-2715:59:00.033 INFO  org.apache.coyote.http11.Http11NioProtocol Line:179 - Initializing ProtocolHandler ["http-nio-8080"]
2017-07-2715:59:00.047 INFO  org.apache.coyote.http11.Http11NioProtocol Line:179 - Starting ProtocolHandler [http-nio-8080]
2017-07-2715:59:00.062 INFO  org.apache.tomcat.util.net.NioSelectorPool Line:179 - Using a shared selector for servlet write/read
2017-07-2715:59:00.103 INFO  org.springframework.boot.context.embedded.tomcat.TomcatEmbeddedServletContainer Line:192 - Tomcat started on port(s): 8080 (http)
2017-07-2715:59:00.110 INFO  com.cn.daniel.Application Line:57  - Started Application in 7.11 seconds (JVM running for 7.677)
2017-07-2716:45:06.208 INFO  org.apache.catalina.core.ContainerBase.[Tomcat].[localhost].[/] Line:179 - Initializing Spring FrameworkServlet 'dispatcherServlet'
2017-07-2716:45:06.209 INFO  org.springframework.web.servlet.DispatcherServlet Line:489 - FrameworkServlet 'dispatcherServlet': initialization started
2017-07-2716:45:06.244 INFO  org.springframework.web.servlet.DispatcherServlet Line:508 - FrameworkServlet 'dispatcherServlet': initialization completed in 35 ms
2017-07-2721:48:28.181 INFO  com.cn.daniel.Application Line:48  - Starting Application on TESTRIT-QTM3EI2 with PID 5940 (D:\DanielGit\springboot-freemarker\target\classes started by Administrator in D:\DanielGit\springboot-freemarker)
2017-07-2721:48:28.184 INFO  com.cn.daniel.Application Line:637 - No active profile set, falling back to default profiles: default
2017-07-2721:48:28.319 INFO  org.springframework.boot.context.embedded.AnnotationConfigEmbeddedWebApplicationContext Line:582 - Refreshing org.springframework.boot.context.embedded.AnnotationConfigEmbeddedWebApplicationContext@1807e3f6: startup date [Thu Jul 27 21:48:28 CST 2017]; root of context hierarchy
2017-07-2721:48:29.282 INFO  org.hibernate.validator.internal.util.Version Line:30  - HV000001: Hibernate Validator 5.3.4.Final
2017-07-2721:48:30.523 INFO  org.springframework.context.support.PostProcessorRegistrationDelegate$BeanPostProcessorChecker Line:325 - Bean 'org.springframework.boot.autoconfigure.validation.ValidationAutoConfiguration' of type [class org.springframework.boot.autoconfigure.validation.ValidationAutoConfiguration] is not eligible for getting processed by all BeanPostProcessors (for example: not eligible for auto-proxying)
2017-07-2721:48:30.664 INFO  org.springframework.context.support.PostProcessorRegistrationDelegate$BeanPostProcessorChecker Line:325 - Bean 'validator' of type [class org.springframework.validation.beanvalidation.LocalValidatorFactoryBean] is not eligible for getting processed by all BeanPostProcessors (for example: not eligible for auto-proxying)
2017-07-2721:48:30.750 INFO  org.springframework.context.support.PostProcessorRegistrationDelegate$BeanPostProcessorChecker Line:325 - Bean 'org.springframework.boot.autoconfigure.jdbc.DataSourceConfiguration$Tomcat' of type [class org.springframework.boot.autoconfigure.jdbc.DataSourceConfiguration$Tomcat] is not eligible for getting processed by all BeanPostProcessors (for example: not eligible for auto-proxying)
2017-07-2721:48:30.861 INFO  org.springframework.context.support.PostProcessorRegistrationDelegate$BeanPostProcessorChecker Line:325 - Bean 'spring.datasource-org.springframework.boot.autoconfigure.jdbc.DataSourceProperties' of type [class org.springframework.boot.autoconfigure.jdbc.DataSourceProperties] is not eligible for getting processed by all BeanPostProcessors (for example: not eligible for auto-proxying)
2017-07-2721:48:31.397 INFO  org.springframework.context.support.PostProcessorRegistrationDelegate$BeanPostProcessorChecker Line:325 - Bean 'dataSource' of type [class org.apache.tomcat.jdbc.pool.DataSource] is not eligible for getting processed by all BeanPostProcessors (for example: not eligible for auto-proxying)
2017-07-2721:48:31.404 INFO  org.springframework.context.support.PostProcessorRegistrationDelegate$BeanPostProcessorChecker Line:325 - Bean 'org.springframework.boot.autoconfigure.jdbc.DataSourceAutoConfiguration' of type [class org.springframework.boot.autoconfigure.jdbc.DataSourceAutoConfiguration$$EnhancerBySpringCGLIB$$7680c3d2] is not eligible for getting processed by all BeanPostProcessors (for example: not eligible for auto-proxying)
2017-07-2721:48:31.433 INFO  org.springframework.context.support.PostProcessorRegistrationDelegate$BeanPostProcessorChecker Line:325 - Bean 'dataSourceInitializer' of type [class org.springframework.boot.autoconfigure.jdbc.DataSourceInitializer] is not eligible for getting processed by all BeanPostProcessors (for example: not eligible for auto-proxying)
2017-07-2721:48:31.435 INFO  org.springframework.context.support.PostProcessorRegistrationDelegate$BeanPostProcessorChecker Line:325 - Bean 'mybatisConfig' of type [class com.cn.daniel.system.config.mybatis.MybatisConfig$$EnhancerBySpringCGLIB$$54f794eb] is not eligible for getting processed by all BeanPostProcessors (for example: not eligible for auto-proxying)
2017-07-2721:48:31.454 INFO  org.springframework.context.support.PostProcessorRegistrationDelegate$BeanPostProcessorChecker Line:325 - Bean 'transactionManager' of type [class org.springframework.jdbc.datasource.DataSourceTransactionManager] is not eligible for getting processed by all BeanPostProcessors (for example: not eligible for auto-proxying)
2017-07-2721:48:31.455 INFO  org.springframework.context.support.PostProcessorRegistrationDelegate$BeanPostProcessorChecker Line:325 - Bean 'org.springframework.transaction.annotation.ProxyTransactionManagementConfiguration' of type [class org.springframework.transaction.annotation.ProxyTransactionManagementConfiguration$$EnhancerBySpringCGLIB$$948d2072] is not eligible for getting processed by all BeanPostProcessors (for example: not eligible for auto-proxying)
2017-07-2721:48:32.307 INFO  org.springframework.boot.context.embedded.tomcat.TomcatEmbeddedServletContainer Line:89  - Tomcat initialized with port(s): 8080 (http)
2017-07-2721:48:32.358 INFO  org.apache.catalina.core.StandardService Line:179 - Starting service Tomcat
2017-07-2721:48:32.361 INFO  org.apache.catalina.core.StandardEngine Line:179 - Starting Servlet Engine: Apache Tomcat/8.5.11
2017-07-2721:48:32.514 INFO  org.apache.catalina.core.ContainerBase.[Tomcat].[localhost].[/] Line:179 - Initializing Spring embedded WebApplicationContext
2017-07-2721:48:32.515 INFO  org.springframework.web.context.ContextLoader Line:276 - Root WebApplicationContext: initialization completed in 4196 ms
2017-07-2721:48:32.880 INFO  org.springframework.boot.web.servlet.FilterRegistrationBean Line:258 - Mapping filter: 'characterEncodingFilter' to: [/*]
2017-07-2721:48:32.882 INFO  org.springframework.boot.web.servlet.FilterRegistrationBean Line:258 - Mapping filter: 'hiddenHttpMethodFilter' to: [/*]
2017-07-2721:48:32.883 INFO  org.springframework.boot.web.servlet.FilterRegistrationBean Line:258 - Mapping filter: 'httpPutFormContentFilter' to: [/*]
2017-07-2721:48:32.883 INFO  org.springframework.boot.web.servlet.FilterRegistrationBean Line:258 - Mapping filter: 'requestContextFilter' to: [/*]
2017-07-2721:48:33.042 INFO  org.springframework.boot.web.servlet.DelegatingFilterProxyRegistrationBean Line:258 - Mapping filter: 'springSecurityFilterChain' to: [/*]
2017-07-2721:48:33.042 INFO  org.springframework.boot.web.servlet.ServletRegistrationBean Line:190 - Mapping servlet: 'dispatcherServlet' to [/]
2017-07-2721:48:35.520 INFO  org.springframework.security.web.DefaultSecurityFilterChain Line:43  - Creating filter chain: org.springframework.security.web.util.matcher.AnyRequestMatcher@1, [org.springframework.security.web.context.request.async.WebAsyncManagerIntegrationFilter@7b5cc918, org.springframework.security.web.context.SecurityContextPersistenceFilter@11d86b9d, org.springframework.security.web.header.HeaderWriterFilter@18b6d3c1, org.springframework.security.web.authentication.logout.LogoutFilter@3ece79fe, org.springframework.security.web.authentication.UsernamePasswordAuthenticationFilter@77cb452c, org.springframework.security.web.savedrequest.RequestCacheAwareFilter@11381415, org.springframework.security.web.servletapi.SecurityContextHolderAwareRequestFilter@4293e066, org.springframework.security.web.authentication.AnonymousAuthenticationFilter@62b3a2f6, org.springframework.security.web.session.SessionManagementFilter@3fe512d2, org.springframework.security.web.access.ExceptionTranslationFilter@60f77af, org.springframework.security.web.access.intercept.FilterSecurityInterceptor@3e046e39]
2017-07-2721:48:35.884 INFO  org.springframework.web.servlet.mvc.method.annotation.RequestMappingHandlerAdapter Line:534 - Looking for @ControllerAdvice: org.springframework.boot.context.embedded.AnnotationConfigEmbeddedWebApplicationContext@1807e3f6: startup date [Thu Jul 27 21:48:28 CST 2017]; root of context hierarchy
2017-07-2721:48:36.095 INFO  org.springframework.web.servlet.mvc.method.annotation.RequestMappingHandlerMapping Line:543 - Mapped "{[/pm/employees],methods=[GET]}" onto public com.github.pagehelper.PageInfo<com.cn.daniel.pm.domain.EmployeeInfo> com.cn.daniel.pm.controller.employeeController.employees(org.springframework.ui.Model,com.cn.daniel.core.domain.Page,com.cn.daniel.pm.domain.EmployeeInfo)
2017-07-2721:48:36.099 INFO  org.springframework.web.servlet.mvc.method.annotation.RequestMappingHandlerMapping Line:543 - Mapped "{[/pm/employee],methods=[GET]}" onto public java.lang.String com.cn.daniel.pm.controller.employeeController.employee(org.springframework.ui.Model,java.lang.String,java.lang.String)
2017-07-2721:48:36.101 INFO  org.springframework.web.servlet.mvc.method.annotation.RequestMappingHandlerMapping Line:543 - Mapped "{[/pm/delEmployee],methods=[POST]}" onto public java.lang.String com.cn.daniel.pm.controller.employeeController.delEmployee(org.springframework.ui.Model,java.lang.String,java.lang.String)
2017-07-2721:48:36.103 INFO  org.springframework.web.servlet.mvc.method.annotation.RequestMappingHandlerMapping Line:543 - Mapped "{[/login],methods=[GET]}" onto public java.lang.String com.cn.daniel.system.controller.LoginController.login(org.springframework.ui.Model,java.lang.String,java.lang.String)
2017-07-2721:48:36.105 INFO  org.springframework.web.servlet.mvc.method.annotation.RequestMappingHandlerMapping Line:543 - Mapped "{[/],methods=[GET]}" onto public java.lang.String com.cn.daniel.system.controller.MainPageController.mainPage(org.springframework.ui.Model)
2017-07-2721:48:36.119 INFO  org.springframework.web.servlet.mvc.method.annotation.RequestMappingHandlerMapping Line:543 - Mapped "{[/error]}" onto public org.springframework.http.ResponseEntity<java.util.Map<java.lang.String, java.lang.Object>> org.springframework.boot.autoconfigure.web.BasicErrorController.error(javax.servlet.http.HttpServletRequest)
2017-07-2721:48:36.120 INFO  org.springframework.web.servlet.mvc.method.annotation.RequestMappingHandlerMapping Line:543 - Mapped "{[/error],produces=[text/html]}" onto public org.springframework.web.servlet.ModelAndView org.springframework.boot.autoconfigure.web.BasicErrorController.errorHtml(javax.servlet.http.HttpServletRequest,javax.servlet.http.HttpServletResponse)
2017-07-2721:48:36.154 INFO  org.springframework.web.servlet.handler.SimpleUrlHandlerMapping Line:354 - Mapped URL path [/pm/employeesPage] onto handler of type [class org.springframework.web.servlet.mvc.ParameterizableViewController]
2017-07-2721:48:36.203 INFO  org.springframework.web.servlet.handler.SimpleUrlHandlerMapping Line:354 - Mapped URL path [/webjars/**] onto handler of type [class org.springframework.web.servlet.resource.ResourceHttpRequestHandler]
2017-07-2721:48:36.203 INFO  org.springframework.web.servlet.handler.SimpleUrlHandlerMapping Line:354 - Mapped URL path [/**] onto handler of type [class org.springframework.web.servlet.resource.ResourceHttpRequestHandler]
2017-07-2721:48:36.283 INFO  org.springframework.web.servlet.handler.SimpleUrlHandlerMapping Line:354 - Mapped URL path [/**/favicon.ico] onto handler of type [class org.springframework.web.servlet.resource.ResourceHttpRequestHandler]
2017-07-2721:48:37.004 INFO  org.springframework.web.servlet.view.freemarker.FreeMarkerConfigurer Line:127 - ClassTemplateLoader for Spring macros added to FreeMarker configuration
2017-07-2721:48:37.491 INFO  org.springframework.jmx.export.annotation.AnnotationMBeanExporter Line:431 - Registering beans for JMX exposure on startup
2017-07-2721:48:37.525 INFO  org.apache.coyote.http11.Http11NioProtocol Line:179 - Initializing ProtocolHandler ["http-nio-8080"]
2017-07-2721:48:37.557 INFO  org.apache.coyote.http11.Http11NioProtocol Line:179 - Starting ProtocolHandler [http-nio-8080]
2017-07-2721:48:38.052 INFO  org.apache.tomcat.util.net.NioSelectorPool Line:179 - Using a shared selector for servlet write/read
2017-07-2721:48:38.080 INFO  org.springframework.boot.context.embedded.tomcat.TomcatEmbeddedServletContainer Line:192 - Tomcat started on port(s): 8080 (http)
2017-07-2721:48:38.090 INFO  com.cn.daniel.Application Line:57  - Started Application in 11.035 seconds (JVM running for 12.406)
2017-07-2721:49:12.784 INFO  org.apache.catalina.core.ContainerBase.[Tomcat].[localhost].[/] Line:179 - Initializing Spring FrameworkServlet 'dispatcherServlet'
2017-07-2721:49:12.784 INFO  org.springframework.web.servlet.DispatcherServlet Line:489 - FrameworkServlet 'dispatcherServlet': initialization started
2017-07-2721:49:12.809 INFO  org.springframework.web.servlet.DispatcherServlet Line:508 - FrameworkServlet 'dispatcherServlet': initialization completed in 25 ms
